==============================
20230901 = o = create project
20230901 = o = create MS [gateway,core,api]
20230903 = o = GET: findAllClients() (http://localhost:5555/core/api/v1/clients)
20230903 = i = release-0.0.1
==============================
20230904 = o = api ClientDto
20230904 = o = GET: findById() (http://localhost:5555/core/api/v1/clients/2)
20230904 = o = POST: saveNewClient() (http://localhost:5555/core/api/v1/clients)
20230904 = o = DELETE: deleteById() (http://localhost:5555/core/api/v1/clients/2)
20230905 = o = GET: findClientByEmail() (http://localhost:5555/core/api/v1/clients/client-by-email/some03@gmial.com)
20230905 = o = GET: findClientByPhone() (http://localhost:5555/core/api/v1/clients/client-by-phone/+79670670112)
20230905 = o = GET: findAllEmailByClientId() (http://localhost:5555/core/api/v1/clients/2/email)
20230906 = o = GET: findAllPhoneByClientId() (http://localhost:5555/core/api/v1/clients/2/phone)
20230906 = o = GET: findAllContactsByClientId() (http://localhost:5555/core/api/v1/clients/22/contacts)
20230906 = o = POST: saveEmailByClientId() (http://localhost:5555/core/api/v1/clients/22/email/some22_2@g.com)
20230906 = o = POST: savePhoneByClientId() (http://localhost:5555/core/api/v1/clients/2/phone/+79673330001)
20230906 = o = DELETE: deleteAllEmailByClientId() (http://localhost:5555/core/api/v1/clients/22/email)
20230906 = o = DELETE: deleteAllPhoneByClientId() (http://localhost:5555/core/api/v1/clients/22/phone)
20230906 = i = release-0.0.2
==============================
20230907 = w = rename table "client" to "client"
20230907 = w = "...ON DELETE CASCADE" for ChildTables
20230907 = i = Swagger for core-service (http://localhost:8189/pbook-core/swagger-ui/index.html)
20230907 = i = release-0.1.0
==============================
20230910 = i = fix: retrieve old Flyway migrations (mistakenly deleted)







